/*C4*/SET SCHEMA PUBLIC
DISCONNECT
/*C5*/SET SCHEMA PUBLIC
DISCONNECT
/*C4*/SET SCHEMA PUBLIC
DISCONNECT
/*C5*/SET SCHEMA PUBLIC
DISCONNECT
/*C6*/SET SCHEMA PUBLIC
DELETE FROM PLAYER WHERE PLAYERNAME='Chris Gick'
INSERT INTO PLAYER VALUES('Chris Gick',0,1)
COMMIT
DISCONNECT
/*C7*/SET SCHEMA PUBLIC
DELETE FROM PLAYER WHERE PLAYERNAME='Dan Rusk'
INSERT INTO PLAYER VALUES('Dan Rusk',1,0)
COMMIT
DISCONNECT
/*C8*/SET SCHEMA PUBLIC
DISCONNECT
/*C9*/SET SCHEMA PUBLIC
DISCONNECT
/*C10*/SET SCHEMA PUBLIC
DELETE FROM PLAYER WHERE PLAYERNAME='Dan Rusk'
INSERT INTO PLAYER VALUES('Dan Rusk',1,1)
COMMIT
DISCONNECT
/*C11*/SET SCHEMA PUBLIC
DELETE FROM PLAYER WHERE PLAYERNAME='Chris Gick'
INSERT INTO PLAYER VALUES('Chris Gick',1,1)
COMMIT
DISCONNECT
